<?xml version="1.0" encoding="UTF-8"?>
<!-- Generated by org.testng.reporters.JUnitReportReporter -->
<testsuite hostname="DESKTOP-JSLH211" failures="0" tests="36" name="testrunner.Testrunhtml" time="3.197" errors="0" timestamp="2023-01-20T10:52:40 CST" skipped="0">
  <testcase classname="testrunner.Testrunhtml" name="runScenario" time="0.080"/>
  <system-out/>
  <testcase classname="testrunner.Testrunhtml" name="runScenario" time="0.755"/>
  <system-out/>
  <testcase classname="testrunner.Testrunhtml" name="runScenario" time="0.071"/>
  <system-out/>
  <testcase classname="testrunner.Testrunhtml" name="runScenario" time="0.083"/>
  <system-out/>
  <testcase classname="testrunner.Testrunhtml" name="runScenario" time="0.062"/>
  <system-out/>
  <testcase classname="testrunner.Testrunhtml" name="runScenario" time="0.103"/>
  <system-out/>
  <testcase classname="testrunner.Testrunhtml" name="runScenario" time="0.071"/>
  <system-out/>
  <testcase classname="testrunner.Testrunhtml" name="runScenario" time="0.040"/>
  <system-out/>
  <testcase classname="testrunner.Testrunhtml" name="runScenario" time="0.080"/>
  <system-out/>
  <testcase classname="testrunner.Testrunhtml" name="runScenario" time="0.070"/>
  <system-out/>
  <testcase classname="testrunner.Testrunhtml" name="runScenario" time="0.070"/>
  <system-out/>
  <testcase classname="testrunner.Testrunhtml" name="runScenario" time="0.032"/>
  <system-out/>
  <testcase classname="testrunner.Testrunhtml" name="runScenario" time="0.040"/>
  <system-out/>
  <testcase classname="testrunner.Testrunhtml" name="runScenario" time="0.098"/>
  <system-out/>
  <testcase classname="testrunner.Testrunhtml" name="runScenario" time="0.082"/>
  <system-out/>
  <testcase classname="testrunner.Testrunhtml" name="runScenario" time="0.088"/>
  <system-out/>
  <testcase classname="testrunner.Testrunhtml" name="runScenario" time="0.031"/>
  <system-out/>
  <testcase classname="testrunner.Testrunhtml" name="runScenario" time="0.075"/>
  <system-out/>
  <testcase classname="testrunner.Testrunhtml" name="runScenario" time="0.074"/>
  <system-out/>
  <testcase classname="testrunner.Testrunhtml" name="runScenario" time="0.103"/>
  <system-out/>
  <testcase classname="testrunner.Testrunhtml" name="runScenario" time="0.055"/>
  <system-out/>
  <testcase classname="testrunner.Testrunhtml" name="runScenario" time="0.039"/>
  <system-out/>
  <testcase classname="testrunner.Testrunhtml" name="runScenario" time="0.050"/>
  <system-out/>
  <testcase classname="testrunner.Testrunhtml" name="runScenario" time="0.036"/>
  <system-out/>
  <testcase classname="testrunner.Testrunhtml" name="runScenario" time="0.094"/>
  <system-out/>
  <testcase classname="testrunner.Testrunhtml" name="runScenario" time="0.113"/>
  <system-out/>
  <testcase classname="testrunner.Testrunhtml" name="runScenario" time="0.097"/>
  <system-out/>
  <testcase classname="testrunner.Testrunhtml" name="runScenario" time="0.068"/>
  <system-out/>
  <testcase classname="testrunner.Testrunhtml" name="runScenario" time="0.072"/>
  <system-out/>
  <testcase classname="testrunner.Testrunhtml" name="runScenario" time="0.128"/>
  <system-out/>
  <testcase classname="testrunner.Testrunhtml" name="runScenario" time="0.046"/>
  <system-out/>
  <testcase classname="testrunner.Testrunhtml" name="runScenario" time="0.057"/>
  <system-out/>
  <testcase classname="testrunner.Testrunhtml" name="runScenario" time="0.052"/>
  <system-out/>
  <testcase classname="testrunner.Testrunhtml" name="runScenario" time="0.063"/>
  <system-out/>
  <testcase classname="testrunner.Testrunhtml" name="runScenario" time="0.052"/>
  <system-out/>
  <testcase classname="testrunner.Testrunhtml" name="runScenario" time="0.067"/>
  <system-out/>
</testsuite> <!-- testrunner.Testrunhtml -->
