<?xml version="1.0" encoding="UTF-8"?>
<!-- Generated by org.testng.reporters.JUnitReportReporter -->
<testsuite hostname="DESKTOP-JSLH211" failures="0" tests="36" name="testrunner.Testrunhtml" time="2.154" errors="0" timestamp="2023-01-23T11:55:09 CST" skipped="0">
  <testcase classname="testrunner.Testrunhtml" name="runScenario" time="0.032"/>
  <system-out/>
  <testcase classname="testrunner.Testrunhtml" name="runScenario" time="0.069"/>
  <system-out/>
  <testcase classname="testrunner.Testrunhtml" name="runScenario" time="0.046"/>
  <system-out/>
  <testcase classname="testrunner.Testrunhtml" name="runScenario" time="0.039"/>
  <system-out/>
  <testcase classname="testrunner.Testrunhtml" name="runScenario" time="0.561"/>
  <system-out/>
  <testcase classname="testrunner.Testrunhtml" name="runScenario" time="0.083"/>
  <system-out/>
  <testcase classname="testrunner.Testrunhtml" name="runScenario" time="0.025"/>
  <system-out/>
  <testcase classname="testrunner.Testrunhtml" name="runScenario" time="0.042"/>
  <system-out/>
  <testcase classname="testrunner.Testrunhtml" name="runScenario" time="0.035"/>
  <system-out/>
  <testcase classname="testrunner.Testrunhtml" name="runScenario" time="0.066"/>
  <system-out/>
  <testcase classname="testrunner.Testrunhtml" name="runScenario" time="0.026"/>
  <system-out/>
  <testcase classname="testrunner.Testrunhtml" name="runScenario" time="0.020"/>
  <system-out/>
  <testcase classname="testrunner.Testrunhtml" name="runScenario" time="0.044"/>
  <system-out/>
  <testcase classname="testrunner.Testrunhtml" name="runScenario" time="0.052"/>
  <system-out/>
  <testcase classname="testrunner.Testrunhtml" name="runScenario" time="0.019"/>
  <system-out/>
  <testcase classname="testrunner.Testrunhtml" name="runScenario" time="0.025"/>
  <system-out/>
  <testcase classname="testrunner.Testrunhtml" name="runScenario" time="0.053"/>
  <system-out/>
  <testcase classname="testrunner.Testrunhtml" name="runScenario" time="0.029"/>
  <system-out/>
  <testcase classname="testrunner.Testrunhtml" name="runScenario" time="0.027"/>
  <system-out/>
  <testcase classname="testrunner.Testrunhtml" name="runScenario" time="0.035"/>
  <system-out/>
  <testcase classname="testrunner.Testrunhtml" name="runScenario" time="0.036"/>
  <system-out/>
  <testcase classname="testrunner.Testrunhtml" name="runScenario" time="0.033"/>
  <system-out/>
  <testcase classname="testrunner.Testrunhtml" name="runScenario" time="0.143"/>
  <system-out/>
  <testcase classname="testrunner.Testrunhtml" name="runScenario" time="0.048"/>
  <system-out/>
  <testcase classname="testrunner.Testrunhtml" name="runScenario" time="0.027"/>
  <system-out/>
  <testcase classname="testrunner.Testrunhtml" name="runScenario" time="0.074"/>
  <system-out/>
  <testcase classname="testrunner.Testrunhtml" name="runScenario" time="0.050"/>
  <system-out/>
  <testcase classname="testrunner.Testrunhtml" name="runScenario" time="0.087"/>
  <system-out/>
  <testcase classname="testrunner.Testrunhtml" name="runScenario" time="0.066"/>
  <system-out/>
  <testcase classname="testrunner.Testrunhtml" name="runScenario" time="0.031"/>
  <system-out/>
  <testcase classname="testrunner.Testrunhtml" name="runScenario" time="0.034"/>
  <system-out/>
  <testcase classname="testrunner.Testrunhtml" name="runScenario" time="0.048"/>
  <system-out/>
  <testcase classname="testrunner.Testrunhtml" name="runScenario" time="0.036"/>
  <system-out/>
  <testcase classname="testrunner.Testrunhtml" name="runScenario" time="0.029"/>
  <system-out/>
  <testcase classname="testrunner.Testrunhtml" name="runScenario" time="0.036"/>
  <system-out/>
  <testcase classname="testrunner.Testrunhtml" name="runScenario" time="0.048"/>
  <system-out/>
</testsuite> <!-- testrunner.Testrunhtml -->
